<?xml version="1.0" encoding="UTF-8"?>
<!-- Generated by org.testng.reporters.JUnitReportReporter -->
<testsuite name="au.aemo.test.WebDriverTest" tests="4" failures="0" timestamp="30 Jul 2014 12:42:12 GMT" time="19.992" errors="0">
  <testcase name="newRegistrationUsingCSVFile" time="4.966" classname="au.aemo.test.WebDriverTest"/>
  <testcase name="testRegisration" time="5.602" classname="au.aemo.test.WebDriverTest"/>
  <testcase name="newRegistrationUsingCSVFile" time="4.824" classname="au.aemo.test.WebDriverTest"/>
  <testcase name="newRegistrationUsingCSVFile" time="4.600" classname="au.aemo.test.WebDriverTest"/>
</testsuite> <!-- au.aemo.test.WebDriverTest -->
